This is pdfTeX, Version 3.141592653-2.6-1.40.25 (MiKTeX 24.1) (preloaded format=pdflatex 2024.4.8)  27 JUL 2025 15:10
entering extended mode
 restricted \write18 enabled.
 %&-line parsing enabled.
**./CV.tex
(CV.tex
LaTeX2e <2023-11-01> patch level 1
L3 programming layer <2024-03-14>
(C:\Users\bd0022\AppData\Roaming\MiKTeX\tex/latex/moderncv\moderncv.cls
Document Class: moderncv 2024-07-18 v2.4.1 modern curriculum vitae and letter d
ocument class
(C:\Users\bd0022\AppData\Roaming\MiKTeX\tex/latex/base\size11.clo
File: size11.clo 2023/05/17 v1.4n Standard LaTeX file (size option)
)
(C:\Users\bd0022\AppData\Roaming\MiKTeX\tex/latex/etoolbox\etoolbox.sty
Package: etoolbox 2020/10/05 v2.5k e-TeX tools for LaTeX (JAW)
\etb@tempcnta=\count188
)
(C:\Users\bd0022\AppData\Roaming\MiKTeX\tex/latex/base\ifthen.sty
Package: ifthen 2022/04/13 v1.1d Standard LaTeX ifthen package (DPC)
)
(C:\Users\bd0022\AppData\Roaming\MiKTeX\tex/latex/xcolor\xcolor.sty
Package: xcolor 2023/11/15 v3.01 LaTeX color extensions (UK)

(C:\Users\bd0022\AppData\Roaming\MiKTeX\tex/latex/graphics-cfg\color.cfg
File: color.cfg 2016/01/02 v1.6 sample color configuration
)
Package xcolor Info: Driver file: pdftex.def on input line 274.

(C:\Users\bd0022\AppData\Roaming\MiKTeX\tex/latex/graphics-def\pdftex.def
File: pdftex.def 2022/09/22 v1.2b Graphics/color driver for pdftex
)
(C:\Users\bd0022\AppData\Roaming\MiKTeX\tex/latex/graphics\mathcolor.ltx)
Package xcolor Info: Model `cmy' substituted by `cmy0' on input line 1350.
Package xcolor Info: Model `hsb' substituted by `rgb' on input line 1354.
Package xcolor Info: Model `RGB' extended on input line 1366.
Package xcolor Info: Model `HTML' substituted by `rgb' on input line 1368.
Package xcolor Info: Model `Hsb' substituted by `hsb' on input line 1369.
Package xcolor Info: Model `tHsb' substituted by `hsb' on input line 1370.
Package xcolor Info: Model `HSB' substituted by `hsb' on input line 1371.
Package xcolor Info: Model `Gray' substituted by `gray' on input line 1372.
Package xcolor Info: Model `wave' substituted by `hsb' on input line 1373.
)
(C:\Users\bd0022\AppData\Roaming\MiKTeX\tex/latex/colortbl\colortbl.sty
Package: colortbl 2024/02/20 v1.0g Color table columns (DPC)

(C:\Users\bd0022\AppData\Roaming\MiKTeX\tex/latex/tools\array.sty
Package: array 2023/10/16 v2.5g Tabular extension package (FMi)
\col@sep=\dimen140
\ar@mcellbox=\box51
\extrarowheight=\dimen141
\NC@list=\toks17
\extratabsurround=\skip48
\backup@length=\skip49
\ar@cellbox=\box52
)
\everycr=\toks18
\minrowclearance=\skip50
\rownum=\count189
)
(C:\Users\bd0022\AppData\Roaming\MiKTeX\tex/generic/iftex\iftex.sty
Package: iftex 2022/02/03 v1.0f TeX engine tests
)
(C:\Users\bd0022\AppData\Roaming\MiKTeX\tex/latex/url\url.sty
\Urlmuskip=\muskip16
Package: url 2013/09/16  ver 3.4  Verb mode for urls, etc.
)
(C:\Users\bd0022\AppData\Roaming\MiKTeX\tex/latex/base\fontenc.sty
Package: fontenc 2021/04/29 v2.0v Standard LaTeX package
)
(C:\Users\bd0022\AppData\Roaming\MiKTeX\tex/latex/graphics\graphicx.sty
Package: graphicx 2021/09/16 v1.2d Enhanced LaTeX Graphics (DPC,SPQR)

(C:\Users\bd0022\AppData\Roaming\MiKTeX\tex/latex/graphics\keyval.sty
Package: keyval 2022/05/29 v1.15 key=value parser (DPC)
\KV@toks@=\toks19
)
(C:\Users\bd0022\AppData\Roaming\MiKTeX\tex/latex/graphics\graphics.sty
Package: graphics 2022/03/10 v1.4e Standard LaTeX Graphics (DPC,SPQR)

(C:\Users\bd0022\AppData\Roaming\MiKTeX\tex/latex/graphics\trig.sty
Package: trig 2021/08/11 v1.11 sin cos tan (DPC)
)
(C:\Users\bd0022\AppData\Roaming\MiKTeX\tex/latex/graphics-cfg\graphics.cfg
File: graphics.cfg 2016/06/04 v1.11 sample graphics configuration
)
Package graphics Info: Driver file: pdftex.def on input line 107.
)
\Gin@req@height=\dimen142
\Gin@req@width=\dimen143
)
(C:\Users\bd0022\AppData\Roaming\MiKTeX\tex/latex/fancyhdr\fancyhdr.sty
Package: fancyhdr 2022/11/09 v4.1 Extensive control of page headers and footers

\f@nch@headwidth=\skip51
\f@nch@O@elh=\skip52
\f@nch@O@erh=\skip53
\f@nch@O@olh=\skip54
\f@nch@O@orh=\skip55
\f@nch@O@elf=\skip56
\f@nch@O@erf=\skip57
\f@nch@O@olf=\skip58
\f@nch@O@orf=\skip59
)
(C:\Users\bd0022\AppData\Roaming\MiKTeX\tex/latex/moderncv\tweaklist.sty)
(C:\Users\bd0022\AppData\Roaming\MiKTeX\tex/latex/tools\calc.sty
Package: calc 2023/07/08 v4.3 Infix arithmetic (KKT,FJ)
\calc@Acount=\count190
\calc@Bcount=\count191
\calc@Adimen=\dimen144
\calc@Bdimen=\dimen145
\calc@Askip=\skip60
\calc@Bskip=\skip61
LaTeX Info: Redefining \setlength on input line 80.
LaTeX Info: Redefining \addtolength on input line 81.
\calc@Ccount=\count192
\calc@Cskip=\skip62
)
(C:\Users\bd0022\AppData\Roaming\MiKTeX\tex/latex/l3packages/xparse\xparse.sty
(C:\Users\bd0022\AppData\Roaming\MiKTeX\tex/latex/l3kernel\expl3.sty
Package: expl3 2024-03-14 L3 programming layer (loader) 

(C:\Users\bd0022\AppData\Roaming\MiKTeX\tex/latex/l3backend\l3backend-pdftex.de
f
File: l3backend-pdftex.def 2024-03-14 L3 backend support: PDF output (pdfTeX)
\l__color_backend_stack_int=\count193
\l__pdf_internal_box=\box53
))
Package: xparse 2024-03-14 L3 Experimental document command parser
) (C:\Users\bd0022\AppData\Roaming\MiKTeX\tex/latex/microtype\microtype.sty
Package: microtype 2025/07/09 v3.2b Micro-typographical refinements (RS)
\MT@toks=\toks20
\MT@tempbox=\box54
\MT@count=\count194
LaTeX Info: Redefining \noprotrusionifhmode on input line 1087.
LaTeX Info: Redefining \leftprotrusion on input line 1088.
\MT@prot@toks=\toks21
LaTeX Info: Redefining \rightprotrusion on input line 1107.
LaTeX Info: Redefining \textls on input line 1449.
\MT@outer@kern=\dimen146
LaTeX Info: Redefining \microtypecontext on input line 2053.
LaTeX Info: Redefining \textmicrotypecontext on input line 2070.
\MT@listname@count=\count195

(C:\Users\bd0022\AppData\Roaming\MiKTeX\tex/latex/microtype\microtype-pdftex.de
f
File: microtype-pdftex.def 2025/07/09 v3.2b Definitions specific to pdftex (RS)

LaTeX Info: Redefining \lsstyle on input line 944.
LaTeX Info: Redefining \lslig on input line 944.
\MT@outer@space=\skip63
)
Package microtype Info: Loading configuration file microtype.cfg.
 (C:\Users\bd0022\AppData\Roaming\MiKTeX\tex/latex/microtype\microtype.cfg
File: microtype.cfg 2025/07/09 v3.2b microtype main configuration file (RS)
)
LaTeX Info: Redefining \microtypesetup on input line 3065.
)
(C:\Users\bd0022\AppData\Roaming\MiKTeX\tex/latex/moderncv\moderncvcollection.s
ty
Package: moderncvcollection 2024-07-18 v2.4.1 moderncv collections
\c@collection@iterator=\count196
)
(C:\Users\bd0022\AppData\Roaming\MiKTeX\tex/latex/moderncv\moderncvcompatibilit
y.sty
Package: moderncvcompatibility 2024-07-18 v2.4.1 modern curriculum vitae and le
tter compatibility patches
)
\c@collection@phones@count=\count197
\c@collection@socials@count=\count198
\c@cvcolumnscounter=\count199
\c@cvcolumnsautowidthcounter=\count266
\c@tmpiteratorcounter=\count267
\cvcolumnsdummywidth=\skip64
\cvcolumnswidth=\skip65
\cvcolumnsautowidth=\skip66
\cvcolumnautowidth=\skip67
\bibindent=\skip68
)
(C:\Users\bd0022\AppData\Roaming\MiKTeX\tex/latex/moderncv\moderncvstyleclassic
.sty
Package: moderncvstyleclassic 2024-07-18 v2.4.1 modern curriculum vitae and let
ter style scheme: classic

(C:\Users\bd0022\AppData\Roaming\MiKTeX\tex/latex/moderncv\moderncviconssymbols
.sty
Package: moderncviconssymbols 2021-12-12 v2.2.0 modern curriculum vitae icons s
elector


moderncv: academicons requires XeTeX/LuaTeX to work. Using alternatives.


(C:\Users\bd0022\AppData\Roaming\MiKTeX\tex/latex/moderncv\moderncviconsawesome
.sty
Package: moderncviconsawesome 2024-07-18 v2.4.1 modern curriculum vitae icons: 
awesome

(C:\Users\bd0022\AppData\Roaming\MiKTeX\tex/latex/fontawesome5\fontawesome5.sty
Package: fontawesome5 2022/05/02 v5.15.4 Font Awesome 5

(C:\Users\bd0022\AppData\Roaming\MiKTeX\tex/latex/l3packages/l3keys2e\l3keys2e.
sty
Package: l3keys2e 2024-03-14 LaTeX2e option processing using LaTeX3 keys
)
(C:\Users\bd0022\AppData\Roaming\MiKTeX\tex/latex/fontawesome5\fontawesome5-gen
eric-helper.sty
Package: fontawesome5-generic-helper 2022/05/02 v5.15.4 non-uTeX helper for fon
tawesome5

(C:\Users\bd0022\AppData\Roaming\MiKTeX\tex/latex/fontawesome5\fontawesome5-map
ping.def)))
(C:\Users\bd0022\AppData\Roaming\MiKTeX\tex/latex/moderncv\moderncvcolors.tex))

(C:\Users\bd0022\AppData\Roaming\MiKTeX\tex/latex/moderncv\moderncviconstikz.st
y
Package: moderncviconstikz 2024-07-18 v2.4.1 modern curriculum vitae and letter
 icons: tickz
 (C:\Users\bd0022\AppData\Roaming\MiKTeX\tex/latex/pgf/frontendlayer\tikz.sty
(C:\Users\bd0022\AppData\Roaming\MiKTeX\tex/latex/pgf/basiclayer\pgf.sty
(C:\Users\bd0022\AppData\Roaming\MiKTeX\tex/latex/pgf/utilities\pgfrcs.sty
(C:\Users\bd0022\AppData\Roaming\MiKTeX\tex/generic/pgf/utilities\pgfutil-commo
n.tex
\pgfutil@everybye=\toks22
\pgfutil@tempdima=\dimen147
\pgfutil@tempdimb=\dimen148
)
(C:\Users\bd0022\AppData\Roaming\MiKTeX\tex/generic/pgf/utilities\pgfutil-latex
.def
\pgfutil@abb=\box55
)
(C:\Users\bd0022\AppData\Roaming\MiKTeX\tex/generic/pgf/utilities\pgfrcs.code.t
ex (C:\Users\bd0022\AppData\Roaming\MiKTeX\tex/generic/pgf\pgf.revision.tex)
Package: pgfrcs 2023-01-15 v3.1.10 (3.1.10)
))
Package: pgf 2023-01-15 v3.1.10 (3.1.10)

(C:\Users\bd0022\AppData\Roaming\MiKTeX\tex/latex/pgf/basiclayer\pgfcore.sty
(C:\Users\bd0022\AppData\Roaming\MiKTeX\tex/latex/pgf/systemlayer\pgfsys.sty
(C:\Users\bd0022\AppData\Roaming\MiKTeX\tex/generic/pgf/systemlayer\pgfsys.code
.tex
Package: pgfsys 2023-01-15 v3.1.10 (3.1.10)

(C:\Users\bd0022\AppData\Roaming\MiKTeX\tex/generic/pgf/utilities\pgfkeys.code.
tex
\pgfkeys@pathtoks=\toks23
\pgfkeys@temptoks=\toks24

(C:\Users\bd0022\AppData\Roaming\MiKTeX\tex/generic/pgf/utilities\pgfkeyslibrar
yfiltered.code.tex
\pgfkeys@tmptoks=\toks25
))
\pgf@x=\dimen149
\pgf@y=\dimen150
\pgf@xa=\dimen151
\pgf@ya=\dimen152
\pgf@xb=\dimen153
\pgf@yb=\dimen154
\pgf@xc=\dimen155
\pgf@yc=\dimen156
\pgf@xd=\dimen157
\pgf@yd=\dimen158
\w@pgf@writea=\write3
\r@pgf@reada=\read2
\c@pgf@counta=\count268
\c@pgf@countb=\count269
\c@pgf@countc=\count270
\c@pgf@countd=\count271
\t@pgf@toka=\toks26
\t@pgf@tokb=\toks27
\t@pgf@tokc=\toks28
\pgf@sys@id@count=\count272

(C:\Users\bd0022\AppData\Roaming\MiKTeX\tex/generic/pgf/systemlayer\pgf.cfg
File: pgf.cfg 2023-01-15 v3.1.10 (3.1.10)
)
Driver file for pgf: pgfsys-pdftex.def

(C:\Users\bd0022\AppData\Roaming\MiKTeX\tex/generic/pgf/systemlayer\pgfsys-pdft
ex.def
File: pgfsys-pdftex.def 2023-01-15 v3.1.10 (3.1.10)

(C:\Users\bd0022\AppData\Roaming\MiKTeX\tex/generic/pgf/systemlayer\pgfsys-comm
on-pdf.def
File: pgfsys-common-pdf.def 2023-01-15 v3.1.10 (3.1.10)
)))
(C:\Users\bd0022\AppData\Roaming\MiKTeX\tex/generic/pgf/systemlayer\pgfsyssoftp
ath.code.tex
File: pgfsyssoftpath.code.tex 2023-01-15 v3.1.10 (3.1.10)
\pgfsyssoftpath@smallbuffer@items=\count273
\pgfsyssoftpath@bigbuffer@items=\count274
)
(C:\Users\bd0022\AppData\Roaming\MiKTeX\tex/generic/pgf/systemlayer\pgfsysproto
col.code.tex
File: pgfsysprotocol.code.tex 2023-01-15 v3.1.10 (3.1.10)
))
(C:\Users\bd0022\AppData\Roaming\MiKTeX\tex/generic/pgf/basiclayer\pgfcore.code
.tex
Package: pgfcore 2023-01-15 v3.1.10 (3.1.10)

(C:\Users\bd0022\AppData\Roaming\MiKTeX\tex/generic/pgf/math\pgfmath.code.tex
(C:\Users\bd0022\AppData\Roaming\MiKTeX\tex/generic/pgf/math\pgfmathutil.code.t
ex)
(C:\Users\bd0022\AppData\Roaming\MiKTeX\tex/generic/pgf/math\pgfmathparser.code
.tex
\pgfmath@dimen=\dimen159
\pgfmath@count=\count275
\pgfmath@box=\box56
\pgfmath@toks=\toks29
\pgfmath@stack@operand=\toks30
\pgfmath@stack@operation=\toks31
)
(C:\Users\bd0022\AppData\Roaming\MiKTeX\tex/generic/pgf/math\pgfmathfunctions.c
ode.tex)
(C:\Users\bd0022\AppData\Roaming\MiKTeX\tex/generic/pgf/math\pgfmathfunctions.b
asic.code.tex)
(C:\Users\bd0022\AppData\Roaming\MiKTeX\tex/generic/pgf/math\pgfmathfunctions.t
rigonometric.code.tex)
(C:\Users\bd0022\AppData\Roaming\MiKTeX\tex/generic/pgf/math\pgfmathfunctions.r
andom.code.tex)
(C:\Users\bd0022\AppData\Roaming\MiKTeX\tex/generic/pgf/math\pgfmathfunctions.c
omparison.code.tex)
(C:\Users\bd0022\AppData\Roaming\MiKTeX\tex/generic/pgf/math\pgfmathfunctions.b
ase.code.tex)
(C:\Users\bd0022\AppData\Roaming\MiKTeX\tex/generic/pgf/math\pgfmathfunctions.r
ound.code.tex)
(C:\Users\bd0022\AppData\Roaming\MiKTeX\tex/generic/pgf/math\pgfmathfunctions.m
isc.code.tex)
(C:\Users\bd0022\AppData\Roaming\MiKTeX\tex/generic/pgf/math\pgfmathfunctions.i
ntegerarithmetics.code.tex)
(C:\Users\bd0022\AppData\Roaming\MiKTeX\tex/generic/pgf/math\pgfmathcalc.code.t
ex)
(C:\Users\bd0022\AppData\Roaming\MiKTeX\tex/generic/pgf/math\pgfmathfloat.code.
tex
\c@pgfmathroundto@lastzeros=\count276
))
(C:\Users\bd0022\AppData\Roaming\MiKTeX\tex/generic/pgf/math\pgfint.code.tex)
(C:\Users\bd0022\AppData\Roaming\MiKTeX\tex/generic/pgf/basiclayer\pgfcorepoint
s.code.tex
File: pgfcorepoints.code.tex 2023-01-15 v3.1.10 (3.1.10)
\pgf@picminx=\dimen160
\pgf@picmaxx=\dimen161
\pgf@picminy=\dimen162
\pgf@picmaxy=\dimen163
\pgf@pathminx=\dimen164
\pgf@pathmaxx=\dimen165
\pgf@pathminy=\dimen166
\pgf@pathmaxy=\dimen167
\pgf@xx=\dimen168
\pgf@xy=\dimen169
\pgf@yx=\dimen170
\pgf@yy=\dimen171
\pgf@zx=\dimen172
\pgf@zy=\dimen173
)
(C:\Users\bd0022\AppData\Roaming\MiKTeX\tex/generic/pgf/basiclayer\pgfcorepathc
onstruct.code.tex
File: pgfcorepathconstruct.code.tex 2023-01-15 v3.1.10 (3.1.10)
\pgf@path@lastx=\dimen174
\pgf@path@lasty=\dimen175
)
(C:\Users\bd0022\AppData\Roaming\MiKTeX\tex/generic/pgf/basiclayer\pgfcorepathu
sage.code.tex
File: pgfcorepathusage.code.tex 2023-01-15 v3.1.10 (3.1.10)
\pgf@shorten@end@additional=\dimen176
\pgf@shorten@start@additional=\dimen177
)
(C:\Users\bd0022\AppData\Roaming\MiKTeX\tex/generic/pgf/basiclayer\pgfcorescope
s.code.tex
File: pgfcorescopes.code.tex 2023-01-15 v3.1.10 (3.1.10)
\pgfpic=\box57
\pgf@hbox=\box58
\pgf@layerbox@main=\box59
\pgf@picture@serial@count=\count277
)
(C:\Users\bd0022\AppData\Roaming\MiKTeX\tex/generic/pgf/basiclayer\pgfcoregraph
icstate.code.tex
File: pgfcoregraphicstate.code.tex 2023-01-15 v3.1.10 (3.1.10)
\pgflinewidth=\dimen178
)
(C:\Users\bd0022\AppData\Roaming\MiKTeX\tex/generic/pgf/basiclayer\pgfcoretrans
formations.code.tex
File: pgfcoretransformations.code.tex 2023-01-15 v3.1.10 (3.1.10)
\pgf@pt@x=\dimen179
\pgf@pt@y=\dimen180
\pgf@pt@temp=\dimen181
)
(C:\Users\bd0022\AppData\Roaming\MiKTeX\tex/generic/pgf/basiclayer\pgfcorequick
.code.tex
File: pgfcorequick.code.tex 2023-01-15 v3.1.10 (3.1.10)
)
(C:\Users\bd0022\AppData\Roaming\MiKTeX\tex/generic/pgf/basiclayer\pgfcoreobjec
ts.code.tex
File: pgfcoreobjects.code.tex 2023-01-15 v3.1.10 (3.1.10)
)
(C:\Users\bd0022\AppData\Roaming\MiKTeX\tex/generic/pgf/basiclayer\pgfcorepathp
rocessing.code.tex
File: pgfcorepathprocessing.code.tex 2023-01-15 v3.1.10 (3.1.10)
)
(C:\Users\bd0022\AppData\Roaming\MiKTeX\tex/generic/pgf/basiclayer\pgfcorearrow
s.code.tex
File: pgfcorearrows.code.tex 2023-01-15 v3.1.10 (3.1.10)
\pgfarrowsep=\dimen182
)
(C:\Users\bd0022\AppData\Roaming\MiKTeX\tex/generic/pgf/basiclayer\pgfcoreshade
.code.tex
File: pgfcoreshade.code.tex 2023-01-15 v3.1.10 (3.1.10)
\pgf@max=\dimen183
\pgf@sys@shading@range@num=\count278
\pgf@shadingcount=\count279
)
(C:\Users\bd0022\AppData\Roaming\MiKTeX\tex/generic/pgf/basiclayer\pgfcoreimage
.code.tex
File: pgfcoreimage.code.tex 2023-01-15 v3.1.10 (3.1.10)
)
(C:\Users\bd0022\AppData\Roaming\MiKTeX\tex/generic/pgf/basiclayer\pgfcoreexter
nal.code.tex
File: pgfcoreexternal.code.tex 2023-01-15 v3.1.10 (3.1.10)
\pgfexternal@startupbox=\box60
)
(C:\Users\bd0022\AppData\Roaming\MiKTeX\tex/generic/pgf/basiclayer\pgfcorelayer
s.code.tex
File: pgfcorelayers.code.tex 2023-01-15 v3.1.10 (3.1.10)
)
(C:\Users\bd0022\AppData\Roaming\MiKTeX\tex/generic/pgf/basiclayer\pgfcoretrans
parency.code.tex
File: pgfcoretransparency.code.tex 2023-01-15 v3.1.10 (3.1.10)
)
(C:\Users\bd0022\AppData\Roaming\MiKTeX\tex/generic/pgf/basiclayer\pgfcorepatte
rns.code.tex
File: pgfcorepatterns.code.tex 2023-01-15 v3.1.10 (3.1.10)
)
(C:\Users\bd0022\AppData\Roaming\MiKTeX\tex/generic/pgf/basiclayer\pgfcorerdf.c
ode.tex
File: pgfcorerdf.code.tex 2023-01-15 v3.1.10 (3.1.10)
)))
(C:\Users\bd0022\AppData\Roaming\MiKTeX\tex/generic/pgf/modules\pgfmoduleshapes
.code.tex
File: pgfmoduleshapes.code.tex 2023-01-15 v3.1.10 (3.1.10)
\pgfnodeparttextbox=\box61
)
(C:\Users\bd0022\AppData\Roaming\MiKTeX\tex/generic/pgf/modules\pgfmoduleplot.c
ode.tex
File: pgfmoduleplot.code.tex 2023-01-15 v3.1.10 (3.1.10)
)
(C:\Users\bd0022\AppData\Roaming\MiKTeX\tex/latex/pgf/compatibility\pgfcomp-ver
sion-0-65.sty
Package: pgfcomp-version-0-65 2023-01-15 v3.1.10 (3.1.10)
\pgf@nodesepstart=\dimen184
\pgf@nodesepend=\dimen185
)
(C:\Users\bd0022\AppData\Roaming\MiKTeX\tex/latex/pgf/compatibility\pgfcomp-ver
sion-1-18.sty
Package: pgfcomp-version-1-18 2023-01-15 v3.1.10 (3.1.10)
))
(C:\Users\bd0022\AppData\Roaming\MiKTeX\tex/latex/pgf/utilities\pgffor.sty
(C:\Users\bd0022\AppData\Roaming\MiKTeX\tex/latex/pgf/utilities\pgfkeys.sty
(C:\Users\bd0022\AppData\Roaming\MiKTeX\tex/generic/pgf/utilities\pgfkeys.code.
tex)) (C:\Users\bd0022\AppData\Roaming\MiKTeX\tex/latex/pgf/math\pgfmath.sty
(C:\Users\bd0022\AppData\Roaming\MiKTeX\tex/generic/pgf/math\pgfmath.code.tex))

(C:\Users\bd0022\AppData\Roaming\MiKTeX\tex/generic/pgf/utilities\pgffor.code.t
ex
Package: pgffor 2023-01-15 v3.1.10 (3.1.10)
\pgffor@iter=\dimen186
\pgffor@skip=\dimen187
\pgffor@stack=\toks32
\pgffor@toks=\toks33
))
(C:\Users\bd0022\AppData\Roaming\MiKTeX\tex/generic/pgf/frontendlayer/tikz\tikz
.code.tex
Package: tikz 2023-01-15 v3.1.10 (3.1.10)

(C:\Users\bd0022\AppData\Roaming\MiKTeX\tex/generic/pgf/libraries\pgflibraryplo
thandlers.code.tex
File: pgflibraryplothandlers.code.tex 2023-01-15 v3.1.10 (3.1.10)
\pgf@plot@mark@count=\count280
\pgfplotmarksize=\dimen188
)
\tikz@lastx=\dimen189
\tikz@lasty=\dimen190
\tikz@lastxsaved=\dimen191
\tikz@lastysaved=\dimen192
\tikz@lastmovetox=\dimen193
\tikz@lastmovetoy=\dimen194
\tikzleveldistance=\dimen195
\tikzsiblingdistance=\dimen196
\tikz@figbox=\box62
\tikz@figbox@bg=\box63
\tikz@tempbox=\box64
\tikz@tempbox@bg=\box65
\tikztreelevel=\count281
\tikznumberofchildren=\count282
\tikznumberofcurrentchild=\count283
\tikz@fig@count=\count284

(C:\Users\bd0022\AppData\Roaming\MiKTeX\tex/generic/pgf/modules\pgfmodulematrix
.code.tex
File: pgfmodulematrix.code.tex 2023-01-15 v3.1.10 (3.1.10)
\pgfmatrixcurrentrow=\count285
\pgfmatrixcurrentcolumn=\count286
\pgf@matrix@numberofcolumns=\count287
)
\tikz@expandcount=\count288

(C:\Users\bd0022\AppData\Roaming\MiKTeX\tex/generic/pgf/frontendlayer/tikz/libr
aries\tikzlibrarytopaths.code.tex
File: tikzlibrarytopaths.code.tex 2023-01-15 v3.1.10 (3.1.10)
)))))
(C:\Users\bd0022\AppData\Roaming\MiKTeX\tex/latex/moderncv\moderncvheadi.sty
Package: moderncvheadi 2024-07-18 v2.4.1 modern curriculum vitae and letter hea
der variant: 1
\quotewidth=\skip69
\makecvheadnamewidth=\skip70
)
(C:\Users\bd0022\AppData\Roaming\MiKTeX\tex/latex/moderncv\moderncvbodyi.sty
Package: moderncvbodyi 2024-07-18 v2.4.1 modern curriculum vitae and letter bod
y variant: 1

(C:\Users\bd0022\AppData\Roaming\MiKTeX\tex/latex/moderncv\moderncvskillmatrix.
sty
Package: moderncvskillmatrix 2024-07-18 v2.4.1 modern curriculum vitae and lett
er skill matrix
 (C:\Users\bd0022\AppData\Roaming\MiKTeX\tex/latex/multirow\multirow.sty
Package: multirow 2021/03/15 v2.8 Span multiple rows of a table
\multirow@colwidth=\skip71
\multirow@cntb=\count289
\multirow@dima=\skip72
\bigstrutjot=\dimen197
)
(C:\Users\bd0022\AppData\Roaming\MiKTeX\tex/latex/arydshln\arydshln.sty
Package: arydshln 2019/02/21 v1.76 
\dashlinedash=\dimen198
\dashlinegap=\dimen199
\adl@box=\box66
\adl@height=\dimen256
\adl@heightsave=\dimen257
\adl@depth=\dimen258
\adl@depthsave=\dimen259
\adl@finaldepth=\dimen260
\adl@columns=\count290
\adl@ncol=\count291
\adl@currentcolumn=\count292
\adl@currentcolumnsave=\count293
\adl@totalheight=\count294
\adl@totalheightsave=\count295
\adl@dash=\count296
\adl@gap=\count297
\adl@cla=\count298
\adl@clb=\count299
\adl@everyvbox=\toks34
\adl@LTpagetotal=\dimen261
)
\cvSkill@ShapeSize=\skip73
\my@repeat@count=\count300
\cvskill@width=\skip74
\cvskill@descriptorwidth=\skip75
\cvskill@experiencewidth=\skip76
\skillmatrix@columnwidth=\skip77
\skillmatrix@commentwidth=\skip78
\skillmatrix@padding=\skip79
\skillmatrix@hintscolumnwidth=\skip80
\skillmatrix@bodylength=\skip81
\cvskilllegend@leftdescriptorwidth=\skip82
\cvskilllegend@rightdescriptorwidth=\skip83
\skilllegend@hintscolumnwidth=\skip84
\skilllegend@padding=\skip85
\skilllegend@bodylength=\skip86
\separatorrulewidth=\skip87
)
\hintscolumnwidth=\skip88
\separatorcolumnwidth=\skip89
\maincolumnwidth=\skip90
\doubleitemcolumnwidth=\skip91
\tripleitemcolumnwidth=\skip92
\listitemsymbolwidth=\skip93
LaTeX Font Info:    Trying to load font information for U+fontawesomefree0 on i
nput line 50.

(C:\Users\bd0022\AppData\Roaming\MiKTeX\tex/latex/fontawesome5\ufontawesomefree
0.fd)
\listitemcolumnwidth=\skip94
\listdoubleitemcolumnwidth=\skip95
\listitemsymbolspace=\skip96
\baseletterheight=\skip97
\cvitemwithcommentbox=\box67
\cvitemwithcommentskilllength=\skip98
\cvitemwithcommentcommentlength=\skip99
))
(C:\Users\bd0022\AppData\Roaming\MiKTeX\tex/latex/moderncv\moderncvcolorblue.st
y
Package: moderncvcolorblue 2024-07-18 v2.4.1 modern curriculum vitae and letter
 color scheme: blue
 (C:\Users\bd0022\AppData\Roaming\MiKTeX\tex/latex/moderncv\moderncvcolors.tex)
) (C:\Users\bd0022\AppData\Roaming\MiKTeX\tex/latex/geometry\geometry.sty
Package: geometry 2020/01/02 v5.9 Page Geometry

(C:\Users\bd0022\AppData\Roaming\MiKTeX\tex/generic/iftex\ifvtex.sty
Package: ifvtex 2019/10/25 v1.7 ifvtex legacy package. Use iftex instead.
)
\Gm@cnth=\count301
\Gm@cntv=\count302
\c@Gm@tempcnt=\count303
\Gm@bindingoffset=\dimen262
\Gm@wd@mp=\dimen263
\Gm@odd@mp=\dimen264
\Gm@even@mp=\dimen265
\Gm@layoutwidth=\dimen266
\Gm@layoutheight=\dimen267
\Gm@layouthoffset=\dimen268
\Gm@layoutvoffset=\dimen269
\Gm@dimlist=\toks35

(C:\Users\bd0022\AppData\Roaming\MiKTeX\tex/latex/geometry\geometry.cfg))
(C:\Users\bd0022\AppData\Roaming\MiKTeX\tex/latex/tools\multicol.sty
Package: multicol 2023/03/30 v1.9f multicolumn formatting (FMi)
\c@tracingmulticols=\count304
\mult@box=\box68
\multicol@leftmargin=\dimen270
\c@unbalance=\count305
\c@collectmore=\count306
\doublecol@number=\count307
\multicoltolerance=\count308
\multicolpretolerance=\count309
\full@width=\dimen271
\page@free=\dimen272
\premulticols=\dimen273
\postmulticols=\dimen274
\multicolsep=\skip100
\multicolbaselineskip=\skip101
\partial@page=\box69
\last@line=\box70
\mc@boxedresult=\box71
\maxbalancingoverflow=\dimen275
\mult@rightbox=\box72
\mult@grightbox=\box73
\mult@firstbox=\box74
\mult@gfirstbox=\box75
\@tempa=\box76
\@tempa=\box77
\@tempa=\box78
\@tempa=\box79
\@tempa=\box80
\@tempa=\box81
\@tempa=\box82
\@tempa=\box83
\@tempa=\box84
\@tempa=\box85
\@tempa=\box86
\@tempa=\box87
\@tempa=\box88
\@tempa=\box89
\@tempa=\box90
\@tempa=\box91
\@tempa=\box92
\@tempa=\box93
\@tempa=\box94
\@tempa=\box95
\@tempa=\box96
\@tempa=\box97
\@tempa=\box98
\@tempa=\box99
\@tempa=\box100
\@tempa=\box101
\@tempa=\box102
\@tempa=\box103
\@tempa=\box104
\@tempa=\box105
\@tempa=\box106
\@tempa=\box107
\@tempa=\box108
\@tempa=\box109
\@tempa=\box110
\@tempa=\box111
\c@minrows=\count310
\c@columnbadness=\count311
\c@finalcolumnbadness=\count312
\last@try=\dimen276
\multicolovershoot=\dimen277
\multicolundershoot=\dimen278
\mult@nat@firstbox=\box112
\colbreak@box=\box113
\mc@col@check@num=\count313
)
(C:\Users\bd0022\AppData\Roaming\MiKTeX\tex/latex/academicons\academicons.sty
Package: academicons 2021/11/26 v1.9.1 Academicons Icons
)
(C:\Users\bd0022\AppData\Roaming\MiKTeX\tex/latex/lm\lmodern.sty
Package: lmodern 2015/05/01 v1.6.1 Latin Modern Fonts
LaTeX Font Info:    Overwriting symbol font `operators' in version `normal'
(Font)                  OT1/cmr/m/n --> OT1/lmr/m/n on input line 22.
LaTeX Font Info:    Overwriting symbol font `letters' in version `normal'
(Font)                  OML/cmm/m/it --> OML/lmm/m/it on input line 23.
LaTeX Font Info:    Overwriting symbol font `symbols' in version `normal'
(Font)                  OMS/cmsy/m/n --> OMS/lmsy/m/n on input line 24.
LaTeX Font Info:    Overwriting symbol font `largesymbols' in version `normal'
(Font)                  OMX/cmex/m/n --> OMX/lmex/m/n on input line 25.
LaTeX Font Info:    Overwriting symbol font `operators' in version `bold'
(Font)                  OT1/cmr/bx/n --> OT1/lmr/bx/n on input line 26.
LaTeX Font Info:    Overwriting symbol font `letters' in version `bold'
(Font)                  OML/cmm/b/it --> OML/lmm/b/it on input line 27.
LaTeX Font Info:    Overwriting symbol font `symbols' in version `bold'
(Font)                  OMS/cmsy/b/n --> OMS/lmsy/b/n on input line 28.
LaTeX Font Info:    Overwriting symbol font `largesymbols' in version `bold'
(Font)                  OMX/cmex/m/n --> OMX/lmex/m/n on input line 29.
LaTeX Font Info:    Overwriting math alphabet `\mathbf' in version `normal'
(Font)                  OT1/cmr/bx/n --> OT1/lmr/bx/n on input line 31.
LaTeX Font Info:    Overwriting math alphabet `\mathsf' in version `normal'
(Font)                  OT1/cmss/m/n --> OT1/lmss/m/n on input line 32.
LaTeX Font Info:    Overwriting math alphabet `\mathit' in version `normal'
(Font)                  OT1/cmr/m/it --> OT1/lmr/m/it on input line 33.
LaTeX Font Info:    Overwriting math alphabet `\mathtt' in version `normal'
(Font)                  OT1/cmtt/m/n --> OT1/lmtt/m/n on input line 34.
LaTeX Font Info:    Overwriting math alphabet `\mathbf' in version `bold'
(Font)                  OT1/cmr/bx/n --> OT1/lmr/bx/n on input line 35.
LaTeX Font Info:    Overwriting math alphabet `\mathsf' in version `bold'
(Font)                  OT1/cmss/bx/n --> OT1/lmss/bx/n on input line 36.
LaTeX Font Info:    Overwriting math alphabet `\mathit' in version `bold'
(Font)                  OT1/cmr/bx/it --> OT1/lmr/bx/it on input line 37.
LaTeX Font Info:    Overwriting math alphabet `\mathtt' in version `bold'
(Font)                  OT1/cmtt/m/n --> OT1/lmtt/m/n on input line 38.
)
(C:\Users\bd0022\AppData\Roaming\MiKTeX\tex/latex/hyperref\hyperref.sty
Package: hyperref 2024-01-20 v7.01h Hypertext links for LaTeX

(C:\Users\bd0022\AppData\Roaming\MiKTeX\tex/latex/kvsetkeys\kvsetkeys.sty
Package: kvsetkeys 2022-10-05 v1.19 Key value parser (HO)
)
(C:\Users\bd0022\AppData\Roaming\MiKTeX\tex/generic/kvdefinekeys\kvdefinekeys.s
ty
Package: kvdefinekeys 2019-12-19 v1.6 Define keys (HO)
) (C:\Users\bd0022\AppData\Roaming\MiKTeX\tex/generic/pdfescape\pdfescape.sty
Package: pdfescape 2019/12/09 v1.15 Implements pdfTeX's escape features (HO)
(C:\Users\bd0022\AppData\Roaming\MiKTeX\tex/generic/ltxcmds\ltxcmds.sty
Package: ltxcmds 2023-12-04 v1.26 LaTeX kernel commands for general use (HO)
)
(C:\Users\bd0022\AppData\Roaming\MiKTeX\tex/generic/pdftexcmds\pdftexcmds.sty
Package: pdftexcmds 2020-06-27 v0.33 Utility functions of pdfTeX for LuaTeX (HO
)

(C:\Users\bd0022\AppData\Roaming\MiKTeX\tex/generic/infwarerr\infwarerr.sty
Package: infwarerr 2019/12/03 v1.5 Providing info/warning/error messages (HO)
)
Package pdftexcmds Info: \pdf@primitive is available.
Package pdftexcmds Info: \pdf@ifprimitive is available.
Package pdftexcmds Info: \pdfdraftmode found.
))
(C:\Users\bd0022\AppData\Roaming\MiKTeX\tex/latex/hycolor\hycolor.sty
Package: hycolor 2020-01-27 v1.10 Color options for hyperref/bookmark (HO)
)
(C:\Users\bd0022\AppData\Roaming\MiKTeX\tex/latex/auxhook\auxhook.sty
Package: auxhook 2019-12-17 v1.6 Hooks for auxiliary files (HO)
)
(C:\Users\bd0022\AppData\Roaming\MiKTeX\tex/latex/hyperref\nameref.sty
Package: nameref 2023-11-26 v2.56 Cross-referencing by name of section

(C:\Users\bd0022\AppData\Roaming\MiKTeX\tex/latex/refcount\refcount.sty
Package: refcount 2019/12/15 v3.6 Data extraction from label references (HO)
)
(C:\Users\bd0022\AppData\Roaming\MiKTeX\tex/generic/gettitlestring\gettitlestri
ng.sty
Package: gettitlestring 2019/12/15 v1.6 Cleanup title references (HO)

(C:\Users\bd0022\AppData\Roaming\MiKTeX\tex/latex/kvoptions\kvoptions.sty
Package: kvoptions 2022-06-15 v3.15 Key value format for package options (HO)
))
\c@section@level=\count314
)
\@linkdim=\dimen279
\Hy@linkcounter=\count315
\Hy@pagecounter=\count316

(C:\Users\bd0022\AppData\Roaming\MiKTeX\tex/latex/hyperref\pd1enc.def
File: pd1enc.def 2024-01-20 v7.01h Hyperref: PDFDocEncoding definition (HO)
Now handling font encoding PD1 ...
... no UTF-8 mapping file for font encoding PD1
)
(C:\Users\bd0022\AppData\Roaming\MiKTeX\tex/generic/intcalc\intcalc.sty
Package: intcalc 2019/12/15 v1.3 Expandable calculations with integers (HO)
)
\Hy@SavedSpaceFactor=\count317

(C:\Users\bd0022\AppData\Roaming\MiKTeX\tex/latex/hyperref\puenc.def
File: puenc.def 2024-01-20 v7.01h Hyperref: PDF Unicode definition (HO)
Now handling font encoding PU ...
... no UTF-8 mapping file for font encoding PU
)
Package hyperref Info: Option `unicode' set `true' on input line 4062.
Package hyperref Info: Hyper figures OFF on input line 4179.
Package hyperref Info: Link nesting OFF on input line 4184.
Package hyperref Info: Hyper index ON on input line 4187.
Package hyperref Info: Plain pages OFF on input line 4194.
Package hyperref Info: Backreferencing OFF on input line 4199.
Package hyperref Info: Implicit mode ON; LaTeX internals redefined.
Package hyperref Info: Bookmarks ON on input line 4446.
\c@Hy@tempcnt=\count318
LaTeX Info: Redefining \url on input line 4784.
\XeTeXLinkMargin=\dimen280

(C:\Users\bd0022\AppData\Roaming\MiKTeX\tex/generic/bitset\bitset.sty
Package: bitset 2019/12/09 v1.3 Handle bit-vector datatype (HO)

(C:\Users\bd0022\AppData\Roaming\MiKTeX\tex/generic/bigintcalc\bigintcalc.sty
Package: bigintcalc 2019/12/15 v1.5 Expandable calculations on big integers (HO
)
))
\Fld@menulength=\count319
\Field@Width=\dimen281
\Fld@charsize=\dimen282
Package hyperref Info: Hyper figures OFF on input line 6063.
Package hyperref Info: Link nesting OFF on input line 6068.
Package hyperref Info: Hyper index ON on input line 6071.
Package hyperref Info: backreferencing OFF on input line 6078.
Package hyperref Info: Link coloring OFF on input line 6083.
Package hyperref Info: Link coloring with OCG OFF on input line 6088.
Package hyperref Info: PDF/A mode OFF on input line 6093.
(C:\Users\bd0022\AppData\Roaming\MiKTeX\tex/latex/base\atbegshi-ltx.sty
Package: atbegshi-ltx 2021/01/10 v1.0c Emulation of the original atbegshi
package with kernel methods
)
\Hy@abspage=\count320
\c@Item=\count321
\c@Hfootnote=\count322
)
Package hyperref Info: Driver (autodetected): hpdftex.

(C:\Users\bd0022\AppData\Roaming\MiKTeX\tex/latex/hyperref\hpdftex.def
File: hpdftex.def 2024-01-20 v7.01h Hyperref driver for pdfTeX

(C:\Users\bd0022\AppData\Roaming\MiKTeX\tex/latex/base\atveryend-ltx.sty
Package: atveryend-ltx 2020/08/19 v1.0a Emulation of the original atveryend pac
kage
with kernel methods
)
\Fld@listcount=\count323
\c@bookmark@seq@number=\count324

(C:\Users\bd0022\AppData\Roaming\MiKTeX\tex/latex/rerunfilecheck\rerunfilecheck
.sty
Package: rerunfilecheck 2022-07-10 v1.10 Rerun checks for auxiliary files (HO)

(C:\Users\bd0022\AppData\Roaming\MiKTeX\tex/generic/uniquecounter\uniquecounter
.sty
Package: uniquecounter 2019/12/15 v1.4 Provide unlimited unique counter (HO)
)
Package uniquecounter Info: New unique counter `rerunfilecheck' on input line 2
85.
)
\Hy@SectionHShift=\skip102
)
Package hyperref Info: Option `breaklinks' set `true' on input line 22.
Package hyperref Info: Option `bookmarksopen' set `true' on input line 22.
LaTeX Font Info:    Trying to load font information for T1+lmr on input line 22
.
 (C:\Users\bd0022\AppData\Roaming\MiKTeX\tex/latex/lm\t1lmr.fd
File: t1lmr.fd 2015/05/01 v1.6.1 Font defs for Latin Modern
)
No file CV.aux.
\openout1 = `CV.aux'.

LaTeX Font Info:    Checking defaults for OML/cmm/m/it on input line 22.
LaTeX Font Info:    ... okay on input line 22.
LaTeX Font Info:    Checking defaults for OMS/cmsy/m/n on input line 22.
LaTeX Font Info:    ... okay on input line 22.
LaTeX Font Info:    Checking defaults for OT1/cmr/m/n on input line 22.
LaTeX Font Info:    ... okay on input line 22.
LaTeX Font Info:    Checking defaults for T1/cmr/m/n on input line 22.
LaTeX Font Info:    ... okay on input line 22.
LaTeX Font Info:    Checking defaults for TS1/cmr/m/n on input line 22.
LaTeX Font Info:    ... okay on input line 22.
LaTeX Font Info:    Checking defaults for OMX/cmex/m/n on input line 22.
LaTeX Font Info:    ... okay on input line 22.
LaTeX Font Info:    Checking defaults for U/cmr/m/n on input line 22.
LaTeX Font Info:    ... okay on input line 22.
LaTeX Font Info:    Checking defaults for PD1/pdf/m/n on input line 22.
LaTeX Font Info:    ... okay on input line 22.
LaTeX Font Info:    Checking defaults for PU/pdf/m/n on input line 22.
LaTeX Font Info:    ... okay on input line 22.
(C:\Users\bd0022\AppData\Roaming\MiKTeX\tex/context/base/mkii\supp-pdf.mkii
[Loading MPS to PDF converter (version 2006.09.02).]
\scratchcounter=\count325
\scratchdimen=\dimen283
\scratchbox=\box114
\nofMPsegments=\count326
\nofMParguments=\count327
\everyMPshowfont=\toks36
\MPscratchCnt=\count328
\MPscratchDim=\dimen284
\MPnumerator=\count329
\makeMPintoPDFobject=\count330
\everyMPtoPDFconversion=\toks37
)
(C:\Users\bd0022\AppData\Roaming\MiKTeX\tex/latex/epstopdf-pkg\epstopdf-base.st
y
Package: epstopdf-base 2020-01-24 v2.11 Base part for package epstopdf
Package epstopdf-base Info: Redefining graphics rule for `.eps' on input line 4
85.
 (C:\Users\bd0022\AppData\Roaming\MiKTeX\tex/latex/00miktex\epstopdf-sys.cfg
File: epstopdf-sys.cfg 2021/03/18 v2.0 Configuration of epstopdf for MiKTeX
))
LaTeX Info: Redefining \microtypecontext on input line 22.
Package microtype Info: Applying patch `item' on input line 22.
Package microtype Info: Applying patch `toc' on input line 22.
Package microtype Info: Applying patch `eqnum' on input line 22.
Package microtype Info: Applying patch `footnote' on input line 22.
Package microtype Info: Applying patch `verbatim' on input line 22.
LaTeX Info: Redefining \microtypesetup on input line 22.
Package microtype Info: Generating PDF output.
Package microtype Info: Character protrusion enabled (level 2).
Package microtype Info: Using default protrusion set `alltext'.
Package microtype Info: Automatic font expansion enabled (level 2),
(microtype)             stretch: 20, shrink: 20, step: 1, non-selected.
Package microtype Info: Using default expansion set `alltext-nott'.
Package microtype Info: Patching command `\showhyphens'.
Package microtype Info: No adjustment of tracking.
Package microtype Info: No adjustment of interword spacing.
Package microtype Info: No adjustment of character kerning.
(C:\Users\bd0022\AppData\Roaming\MiKTeX\tex/latex/microtype\mt-cmr.cfg
File: mt-cmr.cfg 2013/05/19 v2.2 microtype config. file: Computer Modern Roman 
(RS)
)
*geometry* driver: auto-detecting
*geometry* detected driver: pdftex
*geometry* verbose mode - [ preamble ] result:
* driver: pdftex
* paper: a4paper
* layout: <same size as paper>
* layoutoffset:(h,v)=(0.0pt,0.0pt)
* modes: 
* h-part:(L,W,R)=(59.74988pt, 478.00812pt, 59.74988pt)
* v-part:(T,H,B)=(67.60269pt, 676.04005pt, 101.4041pt)
* \paperwidth=597.50787pt
* \paperheight=845.04684pt
* \textwidth=478.00812pt
* \textheight=676.04005pt
* \oddsidemargin=-12.52011pt
* \evensidemargin=-12.52011pt
* \topmargin=-41.6673pt
* \headheight=12.0pt
* \headsep=25.0pt
* \topskip=11.0pt
* \footskip=30.0pt
* \marginparwidth=50.0pt
* \marginparsep=10.0pt
* \columnsep=10.0pt
* \skip\footins=10.0pt plus 4.0pt minus 2.0pt
* \hoffset=0.0pt
* \voffset=0.0pt
* \mag=1000
* \@twocolumnfalse
* \@twosidefalse
* \@mparswitchfalse
* \@reversemarginfalse
* (1in=72.27pt=25.4mm, 1cm=28.453pt)

Package hyperref Info: Link coloring OFF on input line 22.
\@outlinefile=\write4
\openout4 = `CV.out'.

\makecvheaddetailsbox=\box115
LaTeX Font Info:    Trying to load font information for OT1+lmr on input line 2
4.
(C:\Users\bd0022\AppData\Roaming\MiKTeX\tex/latex/lm\ot1lmr.fd
File: ot1lmr.fd 2015/05/01 v1.6.1 Font defs for Latin Modern
)
LaTeX Font Info:    Trying to load font information for OML+lmm on input line 2
4.

(C:\Users\bd0022\AppData\Roaming\MiKTeX\tex/latex/lm\omllmm.fd
File: omllmm.fd 2015/05/01 v1.6.1 Font defs for Latin Modern
)
LaTeX Font Info:    Trying to load font information for OMS+lmsy on input line 
24.

(C:\Users\bd0022\AppData\Roaming\MiKTeX\tex/latex/lm\omslmsy.fd
File: omslmsy.fd 2015/05/01 v1.6.1 Font defs for Latin Modern
)
LaTeX Font Info:    Trying to load font information for OMX+lmex on input line 
24.

(C:\Users\bd0022\AppData\Roaming\MiKTeX\tex/latex/lm\omxlmex.fd
File: omxlmex.fd 2015/05/01 v1.6.1 Font defs for Latin Modern
)
LaTeX Font Info:    External font `lmex10' loaded for size
(Font)              <10> on input line 24.
LaTeX Font Info:    External font `lmex10' loaded for size
(Font)              <7> on input line 24.
LaTeX Font Info:    External font `lmex10' loaded for size
(Font)              <5> on input line 24.
LaTeX Font Info:    Trying to load font information for U+fontawesomefree1 on i
nput line 24.

(C:\Users\bd0022\AppData\Roaming\MiKTeX\tex/latex/fontawesome5\ufontawesomefree
1.fd)
LaTeX Font Info:    Trying to load font information for U+fontawesomefree2 on i
nput line 24.

(C:\Users\bd0022\AppData\Roaming\MiKTeX\tex/latex/fontawesome5\ufontawesomefree
2.fd)
LaTeX Font Info:    Trying to load font information for U+fontawesomebrands1 on
 input line 24.

(C:\Users\bd0022\AppData\Roaming\MiKTeX\tex/latex/fontawesome5\ufontawesomebran
ds1.fd)
LaTeX Font Info:    Font shape `U/fontawesomebrands1/solid/n' in size <10> not 
available
(Font)              Font shape `U/fontawesomebrands1/regular/n' tried instead o
n input line 24.
LaTeX Font Info:    Trying to load font information for U+fontawesomebrands0 on
 input line 24.

(C:\Users\bd0022\AppData\Roaming\MiKTeX\tex/latex/fontawesome5\ufontawesomebran
ds0.fd)
LaTeX Font Info:    Font shape `U/fontawesomebrands0/solid/n' in size <10> not 
available
(Font)              Font shape `U/fontawesomebrands0/regular/n' tried instead o
n input line 24.
\makecvheadpicturebox=\box116
\makecvheaddetailswidth=\skip103
\makecvheadpicturewidth=\skip104
\makecvheadnamebox=\box117

Overfull \hbox (66.0961pt too wide) in paragraph at lines 24--24
[][]\T1/lmr/m/n/34 (-20) Benaissa[] []Dekhici[]  
 []

LaTeX Font Info:    External font `lmex10' loaded for size
(Font)              <10.95> on input line 26.
LaTeX Font Info:    External font `lmex10' loaded for size
(Font)              <8> on input line 26.
LaTeX Font Info:    External font `lmex10' loaded for size
(Font)              <6> on input line 26.
[1

{C:/Users/bd0022/AppData/Local/MiKTeX/fonts/map/pdftex/pdftex.map}{C:/Users/bd0
022/AppData/Roaming/MiKTeX/fonts/enc/dvips/lm/lm-ec.enc}{C:/Users/bd0022/AppDat
a/Roaming/MiKTeX/fonts/enc/dvips/fontawesome5/fa5free1.enc}{C:/Users/bd0022/App
Data/Roaming/MiKTeX/fonts/enc/dvips/fontawesome5/fa5free2.enc}{C:/Users/bd0022/
AppData/Roaming/MiKTeX/fonts/enc/dvips/fontawesome5/fa5brands1.enc}{C:/Users/bd
0022/AppData/Roaming/MiKTeX/fonts/enc/dvips/fontawesome5/fa5brands0.enc}{C:/Use
rs/bd0022/AppData/Roaming/MiKTeX/fonts/enc/dvips/fontawesome5/fa5free0.enc}]
Overfull \hbox (0.99644pt too wide) in paragraph at lines 69--69
 []|[]\T1/lmr/m/n/10.95 (-20) Programming[]|
 []

[2] (CV.aux)
 ***********
LaTeX2e <2023-11-01> patch level 1
L3 programming layer <2024-03-14>
 ***********


LaTeX Warning: Label(s) may have changed. Rerun to get cross-references right.


Package rerunfilecheck Warning: File `CV.out' has changed.
(rerunfilecheck)                Rerun to get outlines right
(rerunfilecheck)                or use package `bookmark'.

Package rerunfilecheck Info: Checksums for `CV.out':
(rerunfilecheck)             Before: <no file>
(rerunfilecheck)             After:  CFD9DDA70611CC627C9511902C12FFC5;630.
 ) 
Here is how much of TeX's memory you used:
 26711 strings out of 476357
 513731 string characters out of 5793067
 1960496 words of memory out of 5000000
 48254 multiletter control sequences out of 15000+600000
 626329 words of font info for 130 fonts, out of 8000000 for 9000
 0 hyphenation exceptions out of 8191
 129i,13n,129p,1001b,470s stack positions out of 10000i,1000n,20000p,200000b,200000s
<C:/Users/bd0022/AppData/Roaming/MiKTeX/fonts/type1/public/fontawesome5/FontA
wesome5Brands-Regular.pfb><C:/Users/bd0022/AppData/Roaming/MiKTeX/fonts/type1/p
ublic/fontawesome5/FontAwesome5Free-Regular.pfb><C:/Users/bd0022/AppData/Roamin
g/MiKTeX/fonts/type1/public/fontawesome5/FontAwesome5Free-Solid.pfb><C:/Users/b
d0022/AppData/Roaming/MiKTeX/fonts/type1/public/lm/lmbx10.pfb><C:/Users/bd0022/
AppData/Roaming/MiKTeX/fonts/type1/public/lm/lmr10.pfb><C:/Users/bd0022/AppData
/Roaming/MiKTeX/fonts/type1/public/lm/lmr12.pfb><C:/Users/bd0022/AppData/Roamin
g/MiKTeX/fonts/type1/public/lm/lmr17.pfb><C:/Users/bd0022/AppData/Roaming/MiKTe
X/fonts/type1/public/lm/lmri10.pfb><C:/Users/bd0022/AppData/Roaming/MiKTeX/font
s/type1/public/lm/lmro10.pfb><C:/Users/bd0022/AppData/Roaming/MiKTeX/fonts/type
1/public/lm/lmro17.pfb>
Output written on CV.pdf (2 pages, 272982 bytes).
PDF statistics:
 95 PDF objects out of 1000 (max. 8388607)
 68 compressed objects within 1 object stream
 9 named destinations out of 1000 (max. 500000)
 36877 words of extra memory for PDF output out of 42996 (max. 10000000)

